<?xml version="1.0" encoding="UTF-8"?>
<!-- Generated by org.testng.reporters.JUnitReportReporter -->
<testsuite skipped="0" hostname="994560APD035872" name="com.eTools.testcases.ActionPoints_WorkFlowTest" tests="2" failures="0" timestamp="16 Oct 2019 01:51:36 GMT" time="124.482" errors="0">
  <testcase name="LoginTest" time="25.240" classname="com.eTools.testcases.ActionPoints_WorkFlowTest"/>
  <testcase name="createActionPointsTest" time="99.242" classname="com.eTools.testcases.ActionPoints_WorkFlowTest"/>
</testsuite> <!-- com.eTools.testcases.ActionPoints_WorkFlowTest -->
