<?xml version="1.0" encoding="UTF-8"?>
<!-- Generated by org.testng.reporters.JUnitReportReporter -->
<testsuite skipped="0" hostname="994560APD035872" name="com.eTools.testcases.ActionPoints_WorkFlowTest" tests="2" failures="0" timestamp="30 Sep 2019 23:08:18 GMT" time="123.959" errors="0">
  <testcase name="LoginTest" time="24.560" classname="com.eTools.testcases.ActionPoints_WorkFlowTest"/>
  <testcase name="createActionPointsTest" time="99.399" classname="com.eTools.testcases.ActionPoints_WorkFlowTest"/>
</testsuite> <!-- com.eTools.testcases.ActionPoints_WorkFlowTest -->
