<?xml version="1.0" encoding="UTF-8"?>
<!-- Generated by org.testng.reporters.JUnitReportReporter -->
<testsuite hostname="994560APD035872" name="com.eTools.testcases.FAM_WorkFlow_SpotCheckTest" tests="4" failures="0" timestamp="29 May 2019 17:03:54 GMT" time="280.240" errors="0">
  <testcase name="LoginTest" time="21.775" classname="com.eTools.testcases.FAM_WorkFlow_SpotCheckTest"/>
  <testcase name="completeAuditTest" time="127.616" classname="com.eTools.testcases.FAM_WorkFlow_SpotCheckTest"/>
  <testcase name="createEngagementTest" time="59.244" classname="com.eTools.testcases.FAM_WorkFlow_SpotCheckTest"/>
  <testcase name="FinalizeEngagementTest" time="71.605" classname="com.eTools.testcases.FAM_WorkFlow_SpotCheckTest"/>
</testsuite> <!-- com.eTools.testcases.FAM_WorkFlow_SpotCheckTest -->
